[2024-12-18 11:49:25,596: INFO: utils: NumExpr defaulting to 4 threads.]
[2024-12-18 11:49:27,877: INFO: main: >>>>>> stage Data Ingestion stage started <<<<<<]
[2024-12-18 11:49:27,886: INFO: comman: yaml file: config\config.yaml loaded successfully]
[2024-12-18 11:49:27,890: INFO: comman: yaml file: params.yaml loaded successfully]
[2024-12-18 11:49:27,891: INFO: comman: created directory at: artifacts]
[2024-12-18 11:49:27,892: INFO: comman: created directory at: artifacts/data_ingestion]
[2024-12-18 11:49:29,558: INFO: data_injuctions: artifacts/data_ingestion/data.zip download! with following info: 
Connection: close
Content-Length: 11616915
Cache-Control: max-age=300
Content-Security-Policy: default-src 'none'; style-src 'unsafe-inline'; sandbox
Content-Type: application/zip
ETag: "adf745abc03891fe493c3be264ec012691fe3fa21d861f35a27edbe6d86a76b1"
Strict-Transport-Security: max-age=31536000
X-Content-Type-Options: nosniff
X-Frame-Options: deny
X-XSS-Protection: 1; mode=block
X-GitHub-Request-Id: 6236:261BC2:C2852:F8D0F:676258CA
Accept-Ranges: bytes
Date: Wed, 18 Dec 2024 06:19:29 GMT
Via: 1.1 varnish
X-Served-By: cache-maa10234-MAA
X-Cache: HIT
X-Cache-Hits: 0
X-Timer: S1734502770.544097,VS0,VE295
Vary: Authorization,Accept-Encoding,Origin
Access-Control-Allow-Origin: *
Cross-Origin-Resource-Policy: cross-origin
X-Fastly-Request-ID: 6f03db20bd788c5235e14e47bf6e2ae9341f51fb
Expires: Wed, 18 Dec 2024 06:24:29 GMT
Source-Age: 0
[2024-12-18 11:49:30,155: INFO: main: >>>>>> stage Data Ingestion stage completed <<<<<<]
[2024-12-18 11:49:30,155: INFO: main: >>>>>> stage Prepare Base Model started <<<<<<]
[2024-12-18 11:49:30,159: INFO: comman: yaml file: config\config.yaml loaded successfully]
[2024-12-18 11:49:30,161: INFO: comman: yaml file: params.yaml loaded successfully]
[2024-12-18 11:49:30,162: INFO: comman: created directory at: artifacts]
[2024-12-18 11:49:30,163: INFO: comman: created directory at: artifacts/prepare_base_model]
[2024-12-18 11:49:31,523: INFO: main: >>>>>> stage Prepare Base Model completed <<<<<<]
[2024-12-18 11:49:31,523: INFO: main: >>>>>> stage Prepare recall backs started <<<<<<]
[2024-12-18 11:49:31,526: INFO: comman: yaml file: config\config.yaml loaded successfully]
[2024-12-18 11:49:31,529: INFO: comman: yaml file: params.yaml loaded successfully]
[2024-12-18 11:49:31,530: INFO: comman: created directory at: artifacts]
[2024-12-18 11:49:31,531: INFO: comman: created directory at: artifacts\prepare_callbacks\checkpoint_dir]
[2024-12-18 11:49:31,531: INFO: comman: created directory at: artifacts\prepare_callbacks\tensorboard_log_dir]
[2024-12-18 11:49:31,532: INFO: prepare_callbacks: <keras.src.callbacks.tensorboard.TensorBoard object at 0x0000022494D13810>]
[2024-12-18 11:49:31,533: INFO: prepare_callbacks: artifacts\prepare_callbacks\checkpoint_dir\model.keras]
[2024-12-18 11:49:31,533: INFO: main: >>>>>> stage Prepare recall backs completed <<<<<<]
